# JRE version: OpenJDK Runtime Environment (8.0_265-b01) (build 1.8.0_265-8u265-b01-0ubuntu2~20.04-b01)
# Java VM: OpenJDK 64-Bit Server VM (25.265-b01 mixed mode linux-amd64 compressed oops)
Heap:
 PSYoungGen      total 36352K, used 25266K [0x00000000eb800000, 0x00000000efe00000, 0x0000000100000000)
  eden space 31232K, 68% used [0x00000000eb800000,0x00000000ecce74f0,0x00000000ed680000)
  from space 5120K, 75% used [0x00000000ed680000,0x00000000eda456e0,0x00000000edb80000)
  to   space 4608K, 0% used [0x00000000ef980000,0x00000000ef980000,0x00000000efe00000)
 ParOldGen       total 42496K, used 6304K [0x00000000c2800000, 0x00000000c5180000, 0x00000000eb800000)
  object space 42496K, 14% used [0x00000000c2800000,0x00000000c2e28220,0x00000000c5180000)
 Metaspace       used 20427K, capacity 20636K, committed 20864K, reserved 1067008K
  class space    used 2287K, capacity 2340K, committed 2432K, reserved 1048576K
GC Heap History (10 events):
Event: 1.478 GC heap before
{Heap before GC invocations=3 (full 0):
 PSYoungGen      total 18432K, used 18416K [0x00000000eb800000, 0x00000000ecc80000, 0x0000000100000000)
  eden space 15872K, 100% used [0x00000000eb800000,0x00000000ec780000,0x00000000ec780000)
  from space 2560K, 99% used [0x00000000eca00000,0x00000000ecc7c180,0x00000000ecc80000)
  to   space 2560K, 0% used [0x00000000ec780000,0x00000000ec780000,0x00000000eca00000)
 ParOldGen       total 42496K, used 1159K [0x00000000c2800000, 0x00000000c5180000, 0x00000000eb800000)
  object space 42496K, 2% used [0x00000000c2800000,0x00000000c2921da0,0x00000000c5180000)
 Metaspace       used 10851K, capacity 11066K, committed 11392K, reserved 1058816K
  class space    used 1201K, capacity 1283K, committed 1408K, reserved 1048576K
Event: 1.482 GC heap after
Heap after GC invocations=3 (full 0):
 PSYoungGen      total 18432K, used 2538K [0x00000000eb800000, 0x00000000ecc80000, 0x0000000100000000)
  eden space 15872K, 0% used [0x00000000eb800000,0x00000000eb800000,0x00000000ec780000)
  from space 2560K, 99% used [0x00000000ec780000,0x00000000ec9fa9c8,0x00000000eca00000)
  to   space 2560K, 0% used [0x00000000eca00000,0x00000000eca00000,0x00000000ecc80000)
 ParOldGen       total 42496K, used 2072K [0x00000000c2800000, 0x00000000c5180000, 0x00000000eb800000)
  object space 42496K, 4% used [0x00000000c2800000,0x00000000c2a061b0,0x00000000c5180000)
 Metaspace       used 10851K, capacity 11066K, committed 11392K, reserved 1058816K
  class space    used 1201K, capacity 1283K, committed 1408K, reserved 1048576K
}
Event: 1.684 GC heap before
{Heap before GC invocations=4 (full 0):
 PSYoungGen      total 18432K, used 18410K [0x00000000eb800000, 0x00000000ecc80000, 0x0000000100000000)
  eden space 15872K, 100% used [0x00000000eb800000,0x00000000ec780000,0x00000000ec780000)
  from space 2560K, 99% used [0x00000000ec780000,0x00000000ec9fa9c8,0x00000000eca00000)
  to   space 2560K, 0% used [0x00000000eca00000,0x00000000eca00000,0x00000000ecc80000)
 ParOldGen       total 42496K, used 2072K [0x00000000c2800000, 0x00000000c5180000, 0x00000000eb800000)
  object space 42496K, 4% used [0x00000000c2800000,0x00000000c2a061b0,0x00000000c5180000)
 Metaspace       used 13106K, capacity 13306K, committed 13696K, reserved 1060864K
  class space    used 1475K, capacity 1539K, committed 1664K, reserved 1048576K
Event: 1.688 GC heap after
Heap after GC invocations=4 (full 0):
 PSYoungGen      total 18432K, used 2544K [0x00000000eb800000, 0x00000000edc00000, 0x0000000100000000)
  eden space 15872K, 0% used [0x00000000eb800000,0x00000000eb800000,0x00000000ec780000)
  from space 2560K, 99% used [0x00000000eca00000,0x00000000ecc7c010,0x00000000ecc80000)
  to   space 2560K, 0% used [0x00000000ec780000,0x00000000ec780000,0x00000000eca00000)
 ParOldGen       total 42496K, used 3524K [0x00000000c2800000, 0x00000000c5180000, 0x00000000eb800000)
  object space 42496K, 8% used [0x00000000c2800000,0x00000000c2b712e0,0x00000000c5180000)
 Metaspace       used 13106K, capacity 13306K, committed 13696K, reserved 1060864K
  class space    used 1475K, capacity 1539K, committed 1664K, reserved 1048576K
}
Event: 1.814 GC heap before
{Heap before GC invocations=5 (full 0):
 PSYoungGen      total 18432K, used 18416K [0x00000000eb800000, 0x00000000edc00000, 0x0000000100000000)
  eden space 15872K, 100% used [0x00000000eb800000,0x00000000ec780000,0x00000000ec780000)
  from space 2560K, 99% used [0x00000000eca00000,0x00000000ecc7c010,0x00000000ecc80000)
  to   space 2560K, 0% used [0x00000000ec780000,0x00000000ec780000,0x00000000eca00000)
 ParOldGen       total 42496K, used 3524K [0x00000000c2800000, 0x00000000c5180000, 0x00000000eb800000)
  object space 42496K, 8% used [0x00000000c2800000,0x00000000c2b712e0,0x00000000c5180000)
 Metaspace       used 14386K, capacity 14586K, committed 14848K, reserved 1062912K
  class space    used 1604K, capacity 1667K, committed 1792K, reserved 1048576K
Event: 1.818 GC heap after
Heap after GC invocations=5 (full 0):
 PSYoungGen      total 18432K, used 2544K [0x00000000eb800000, 0x00000000ee000000, 0x0000000100000000)
  eden space 15872K, 0% used [0x00000000eb800000,0x00000000eb800000,0x00000000ec780000)
  from space 2560K, 99% used [0x00000000ec780000,0x00000000ec9fc010,0x00000000eca00000)
  to   space 4608K, 0% used [0x00000000edb80000,0x00000000edb80000,0x00000000ee000000)
 ParOldGen       total 42496K, used 4886K [0x00000000c2800000, 0x00000000c5180000, 0x00000000eb800000)
  object space 42496K, 11% used [0x00000000c2800000,0x00000000c2cc5bc8,0x00000000c5180000)
 Metaspace       used 14386K, capacity 14586K, committed 14848K, reserved 1062912K
  class space    used 1604K, capacity 1667K, committed 1792K, reserved 1048576K
}
Event: 1.961 GC heap before
{Heap before GC invocations=6 (full 0):
 PSYoungGen      total 18432K, used 18416K [0x00000000eb800000, 0x00000000ee000000, 0x0000000100000000)
  eden space 15872K, 100% used [0x00000000eb800000,0x00000000ec780000,0x00000000ec780000)
  from space 2560K, 99% used [0x00000000ec780000,0x00000000ec9fc010,0x00000000eca00000)
  to   space 4608K, 0% used [0x00000000edb80000,0x00000000edb80000,0x00000000ee000000)
 ParOldGen       total 42496K, used 4886K [0x00000000c2800000, 0x00000000c5180000, 0x00000000eb800000)
  object space 42496K, 11% used [0x00000000c2800000,0x00000000c2cc5bc8,0x00000000c5180000)
 Metaspace       used 15701K, capacity 15866K, committed 16256K, reserved 1062912K
  class space    used 1728K, capacity 1795K, committed 1920K, reserved 1048576K
Event: 1.965 GC heap after
Heap after GC invocations=6 (full 0):
 PSYoungGen      total 35840K, used 4155K [0x00000000eb800000, 0x00000000ee100000, 0x0000000100000000)
  eden space 31232K, 0% used [0x00000000eb800000,0x00000000eb800000,0x00000000ed680000)
  from space 4608K, 90% used [0x00000000edb80000,0x00000000edf8ee58,0x00000000ee000000)
  to   space 5120K, 0% used [0x00000000ed680000,0x00000000ed680000,0x00000000edb80000)
 ParOldGen       total 42496K, used 4894K [0x00000000c2800000, 0x00000000c5180000, 0x00000000eb800000)
  object space 42496K, 11% used [0x00000000c2800000,0x00000000c2cc7bc8,0x00000000c5180000)
 Metaspace       used 15701K, capacity 15866K, committed 16256K, reserved 1062912K
  class space    used 1728K, capacity 1795K, committed 1920K, reserved 1048576K
}
Event: 2.371 GC heap before
{Heap before GC invocations=7 (full 0):
 PSYoungGen      total 35840K, used 35387K [0x00000000eb800000, 0x00000000ee100000, 0x0000000100000000)
  eden space 31232K, 100% used [0x00000000eb800000,0x00000000ed680000,0x00000000ed680000)
  from space 4608K, 90% used [0x00000000edb80000,0x00000000edf8ee58,0x00000000ee000000)
  to   space 5120K, 0% used [0x00000000ed680000,0x00000000ed680000,0x00000000edb80000)
 ParOldGen       total 42496K, used 4894K [0x00000000c2800000, 0x00000000c5180000, 0x00000000eb800000)
  object space 42496K, 11% used [0x00000000c2800000,0x00000000c2cc7bc8,0x00000000c5180000)
 Metaspace       used 18686K, capacity 18876K, committed 19200K, reserved 1067008K
  class space    used 2119K, capacity 2180K, committed 2304K, reserved 1048576K
Event: 2.397 GC heap after
Heap after GC invocations=7 (full 0):
 PSYoungGen      total 36352K, used 3861K [0x00000000eb800000, 0x00000000efe00000, 0x0000000100000000)
  eden space 31232K, 0% used [0x00000000eb800000,0x00000000eb800000,0x00000000ed680000)
  from space 5120K, 75% used [0x00000000ed680000,0x00000000eda456e0,0x00000000edb80000)
  to   space 4608K, 0% used [0x00000000ef980000,0x00000000ef980000,0x00000000efe00000)
 ParOldGen       total 42496K, used 6304K [0x00000000c2800000, 0x00000000c5180000, 0x00000000eb800000)
  object space 42496K, 14% used [0x00000000c2800000,0x00000000c2e28220,0x00000000c5180000)
 Metaspace       used 18686K, capacity 18876K, committed 19200K, reserved 1067008K
  class space    used 2119K, capacity 2180K, committed 2304K, reserved 1048576K
}

